<?xml version="1.0" encoding="UTF-8"?>
<robot generator="Robot 4.1 (Python 3.9.6 on win32)" generated="20210729 12:51:09.656" rpa="false" schemaversion="2">
<suite id="s1" name="TestSitePracticeBDD" source="C:\Users\Ácido Florídrico\Desktop\Cursos\RobotFramework\RobotFramework_estudo\section3_challenge\Tests\TestSitePracticeBDD.robot">
<test id="s1-t1" name="Cenário 06: Adicionar Cliente">
<kw name="Abrir Navegador" library="Resource" type="SETUP">
<kw name="Open Browser" library="SeleniumLibrary">
<arg>${URL}</arg>
<arg>${BROWSER}</arg>
<doc>Opens a new browser instance to the optional ``url``.</doc>
<msg timestamp="20210729 12:51:09.924" level="INFO">Opening browser 'chrome' to base url 'http://automationpractice.com/'.</msg>
<status status="PASS" starttime="20210729 12:51:09.923" endtime="20210729 12:52:13.982"/>
</kw>
<status status="PASS" starttime="20210729 12:51:09.923" endtime="20210729 12:52:13.982"/>
</kw>
<kw name="Dado que estou na página home do site" library="Resource">
<kw name="Acessar página home do site" library="Resource">
<kw name="Title Should Be" library="SeleniumLibrary">
<arg>My Store</arg>
<doc>Verifies that the current page title equals ``title``.</doc>
<msg timestamp="20210729 12:52:13.988" level="INFO">Page title is 'My Store'.</msg>
<status status="PASS" starttime="20210729 12:52:13.983" endtime="20210729 12:52:13.989"/>
</kw>
<status status="PASS" starttime="20210729 12:52:13.983" endtime="20210729 12:52:13.989"/>
</kw>
<status status="PASS" starttime="20210729 12:52:13.983" endtime="20210729 12:52:13.989"/>
</kw>
<kw name="Quando clicar no botão &quot;Log in to your customer account&quot;" library="Resource" sourcename="Quando clicar no botão &quot;${SIGN_IN}&quot;">
<kw name="Wait Until Element Is Visible" library="SeleniumLibrary">
<arg>xpath=//*[@id="header"]//*[@title="${SIGN_IN}"]</arg>
<doc>Waits until the element ``locator`` is visible.</doc>
<status status="PASS" starttime="20210729 12:52:13.990" endtime="20210729 12:52:14.016"/>
</kw>
<kw name="Click Element" library="SeleniumLibrary">
<arg>xpath=//*[@id="header"]//*[@title="${SIGN_IN}"]</arg>
<doc>Click the element identified by ``locator``.</doc>
<msg timestamp="20210729 12:52:14.017" level="INFO">Clicking element 'xpath=//*[@id="header"]//*[@title="Log in to your customer account"]'.</msg>
<status status="PASS" starttime="20210729 12:52:14.016" endtime="20210729 12:52:26.351"/>
</kw>
<status status="PASS" starttime="20210729 12:52:13.989" endtime="20210729 12:52:26.352"/>
</kw>
<kw name="E Inserir um e-mail válido e criar conta">
<msg timestamp="20210729 12:52:26.356" level="FAIL">No keyword with name 'E Inserir um e-mail válido e criar conta' found. Did you mean:
    Resource.Quando Inserir Um E-mail Válido E Criar Conta</msg>
<status status="FAIL" starttime="20210729 12:52:26.356" endtime="20210729 12:52:26.356"/>
</kw>
<kw name="E Preencher os campos de criação de e-mail">
<status status="NOT RUN" starttime="20210729 12:52:26.360" endtime="20210729 12:52:26.360"/>
</kw>
<kw name="Fechar Navegador" library="Resource" type="TEARDOWN">
<kw name="Close Browser" library="SeleniumLibrary">
<doc>Closes the current browser.</doc>
<status status="PASS" starttime="20210729 12:52:26.362" endtime="20210729 12:52:28.525"/>
</kw>
<status status="PASS" starttime="20210729 12:52:26.361" endtime="20210729 12:52:28.526"/>
</kw>
<status status="FAIL" starttime="20210729 12:51:09.922" endtime="20210729 12:52:28.526">No keyword with name 'E Inserir um e-mail válido e criar conta' found. Did you mean:
    Resource.Quando Inserir Um E-mail Válido E Criar Conta</status>
</test>
<status status="FAIL" starttime="20210729 12:51:09.659" endtime="20210729 12:52:28.529"/>
</suite>
<statistics>
<total>
<stat pass="0" fail="1" skip="0">All Tests</stat>
</total>
<tag>
</tag>
<suite>
<stat pass="0" fail="1" skip="0" id="s1" name="TestSitePracticeBDD">TestSitePracticeBDD</stat>
</suite>
</statistics>
<errors>
<msg timestamp="20210729 12:51:09.696" level="ERROR">Error in file 'C:\Users\Ácido Florídrico\Desktop\Cursos\RobotFramework\RobotFramework_estudo\section3_challenge\Tests\TestSitePracticeBDD.robot' on line 2: Importing library 'Selenium' failed: ModuleNotFoundError: No module named 'Selenium'
Traceback (most recent call last):
  None
PYTHONPATH:
  C:\Users\Ácido Florídrico\AppData\Local\Programs\Python\Python39\Scripts\robot.exe
  c:\users\ácido florídrico\appdata\local\programs\python\python39\python39.zip
  c:\users\ácido florídrico\appdata\local\programs\python\python39\DLLs
  c:\users\ácido florídrico\appdata\local\programs\python\python39\lib
  c:\users\ácido florídrico\appdata\local\programs\python\python39
  c:\users\ácido florídrico\appdata\local\programs\python\python39\lib\site-packages</msg>
</errors>
</robot>
