<?xml version="1.0" encoding="UTF-8"?>
<robot generator="Robot 4.1 (Python 3.9.6 on win32)" generated="20210728 11:24:38.913" rpa="false" schemaversion="2">
<suite id="s1" name="SuiteSiteTestePractice" source="C:\Users\Ácido Florídrico\Desktop\Cursos\RobotFramework\RobotFramework_estudo\section3\SuiteSiteTestePractice">
<suite id="s1-s1" name="Tests" source="C:\Users\Ácido Florídrico\Desktop\Cursos\RobotFramework\RobotFramework_estudo\section3\SuiteSiteTestePractice\Tests">
<suite id="s1-s1-s1" name="TestSitePractice" source="C:\Users\Ácido Florídrico\Desktop\Cursos\RobotFramework\RobotFramework_estudo\section3\SuiteSiteTestePractice\Tests\TestSitePractice.robot">
<test id="s1-s1-s1-t1" name="Caso de Teste 01: Pesquisar produto existente">
<kw name="Abrir Navegador" library="Resource" type="SETUP">
<kw name="Open Browser" library="SeleniumLibrary">
<arg>${URL}</arg>
<arg>${BROWSER}</arg>
<doc>Opens a new browser instance to the optional ``url``.</doc>
<msg timestamp="20210728 11:24:39.197" level="INFO">Opening browser 'chrome' to base url 'http://automationpractice.com/'.</msg>
<status status="PASS" starttime="20210728 11:24:39.197" endtime="20210728 11:24:56.362"/>
</kw>
<status status="PASS" starttime="20210728 11:24:39.196" endtime="20210728 11:24:56.363"/>
</kw>
<kw name="Acessar página home do site" library="Resource">
<kw name="Title Should Be" library="SeleniumLibrary">
<arg>My Store</arg>
<doc>Verifies that the current page title equals ``title``.</doc>
<msg timestamp="20210728 11:24:56.373" level="INFO">Page title is 'My Store'.</msg>
<status status="PASS" starttime="20210728 11:24:56.363" endtime="20210728 11:24:56.373"/>
</kw>
<status status="PASS" starttime="20210728 11:24:56.363" endtime="20210728 11:24:56.373"/>
</kw>
<kw name="Digitar nome do produto &quot;Blouse&quot;" library="Resource" sourcename="Digitar nome do produto &quot;${PRODUTO}&quot;">
<kw name="Input Text" library="SeleniumLibrary">
<arg>name=search_query</arg>
<arg>${PRODUTO}</arg>
<doc>Types the given ``text`` into the text field identified by ``locator``.</doc>
<msg timestamp="20210728 11:24:56.375" level="INFO">Typing text 'Blouse' into text field 'name=search_query'.</msg>
<status status="PASS" starttime="20210728 11:24:56.374" endtime="20210728 11:24:56.474"/>
</kw>
<status status="PASS" starttime="20210728 11:24:56.374" endtime="20210728 11:24:56.474"/>
</kw>
<kw name="Clicar no botão Pesquisar" library="Resource">
<kw name="Click Element" library="SeleniumLibrary">
<arg>name=submit_search</arg>
<doc>Click the element identified by ``locator``.</doc>
<msg timestamp="20210728 11:24:56.475" level="INFO">Clicking element 'name=submit_search'.</msg>
<status status="PASS" starttime="20210728 11:24:56.475" endtime="20210728 11:25:05.318"/>
</kw>
<status status="PASS" starttime="20210728 11:24:56.474" endtime="20210728 11:25:05.318"/>
</kw>
<kw name="Conferir se o produto &quot;Blouse&quot; foi listado no site" library="Resource" sourcename="Conferir se o produto &quot;${PRODUTO}&quot; foi listado no site">
<kw name="Wait Until Element Is Visible" library="SeleniumLibrary">
<arg>css=#center_column &gt; h1</arg>
<doc>Waits until the element ``locator`` is visible.</doc>
<status status="PASS" starttime="20210728 11:25:05.319" endtime="20210728 11:25:05.343"/>
</kw>
<kw name="Title Should Be" library="SeleniumLibrary">
<arg>Search - My Store</arg>
<doc>Verifies that the current page title equals ``title``.</doc>
<msg timestamp="20210728 11:25:05.347" level="INFO">Page title is 'Search - My Store'.</msg>
<status status="PASS" starttime="20210728 11:25:05.343" endtime="20210728 11:25:05.347"/>
</kw>
<kw name="Page Should Contain Image" library="SeleniumLibrary">
<arg>xpath=//*[@id="center_column"]//*[@src="http://automationpractice.com/img/p/7/7-home_default.jpg"]</arg>
<doc>Verifies image identified by ``locator`` is found from current page.</doc>
<msg timestamp="20210728 11:25:05.364" level="INFO">Current page contains image 'xpath=//*[@id="center_column"]//*[@src="http://automationpractice.com/img/p/7/7-home_default.jpg"]'.</msg>
<status status="PASS" starttime="20210728 11:25:05.347" endtime="20210728 11:25:05.364"/>
</kw>
<status status="PASS" starttime="20210728 11:25:05.319" endtime="20210728 11:25:05.364"/>
</kw>
<kw name="Fechar Navegador" library="Resource" type="TEARDOWN">
<kw name="Close Browser" library="SeleniumLibrary">
<doc>Closes the current browser.</doc>
<status status="PASS" starttime="20210728 11:25:05.365" endtime="20210728 11:25:07.608"/>
</kw>
<status status="PASS" starttime="20210728 11:25:05.365" endtime="20210728 11:25:07.608"/>
</kw>
<status status="PASS" starttime="20210728 11:24:39.196" endtime="20210728 11:25:07.608"/>
</test>
<status status="PASS" starttime="20210728 11:24:38.960" endtime="20210728 11:25:07.609"/>
</suite>
<suite id="s1-s1-s2" name="TestSitePracticeBDD" source="C:\Users\Ácido Florídrico\Desktop\Cursos\RobotFramework\RobotFramework_estudo\section3\SuiteSiteTestePractice\Tests\TestSitePracticeBDD.robot">
<test id="s1-s1-s2-t1" name="Cenário 01: Pequisar produto existente">
<kw name="Abrir Navegador" type="SETUP">
<msg timestamp="20210728 11:25:07.618" level="FAIL">No keyword with name 'Abrir Navegador' found.</msg>
<status status="FAIL" starttime="20210728 11:25:07.618" endtime="20210728 11:25:07.618"/>
</kw>
<kw name="Fechar Navegador" type="TEARDOWN">
<msg timestamp="20210728 11:25:07.619" level="FAIL">No keyword with name 'Fechar Navegador' found.</msg>
<status status="FAIL" starttime="20210728 11:25:07.619" endtime="20210728 11:25:07.619">No keyword with name 'Fechar Navegador' found.</status>
</kw>
<status status="FAIL" starttime="20210728 11:25:07.616" endtime="20210728 11:25:07.619">Setup failed:
No keyword with name 'Abrir Navegador' found.

Also teardown failed:
No keyword with name 'Fechar Navegador' found.</status>
</test>
<test id="s1-s1-s2-t2" name="Cenário 02: Pesquisar produto não existente">
<kw name="Abrir Navegador" type="SETUP">
<msg timestamp="20210728 11:25:07.621" level="FAIL">No keyword with name 'Abrir Navegador' found.</msg>
<status status="FAIL" starttime="20210728 11:25:07.621" endtime="20210728 11:25:07.622"/>
</kw>
<kw name="Fechar Navegador" type="TEARDOWN">
<msg timestamp="20210728 11:25:07.623" level="FAIL">No keyword with name 'Fechar Navegador' found.</msg>
<status status="FAIL" starttime="20210728 11:25:07.623" endtime="20210728 11:25:07.623">No keyword with name 'Fechar Navegador' found.</status>
</kw>
<status status="FAIL" starttime="20210728 11:25:07.620" endtime="20210728 11:25:07.623">Setup failed:
No keyword with name 'Abrir Navegador' found.

Also teardown failed:
No keyword with name 'Fechar Navegador' found.</status>
</test>
<status status="FAIL" starttime="20210728 11:25:07.611" endtime="20210728 11:25:07.624"/>
</suite>
<status status="FAIL" starttime="20210728 11:24:38.958" endtime="20210728 11:25:07.625"/>
</suite>
<status status="FAIL" starttime="20210728 11:24:38.915" endtime="20210728 11:25:07.626"/>
</suite>
<statistics>
<total>
<stat pass="1" fail="2" skip="0">All Tests</stat>
</total>
<tag>
</tag>
<suite>
<stat pass="1" fail="2" skip="0" id="s1" name="SuiteSiteTestePractice">SuiteSiteTestePractice</stat>
<stat pass="1" fail="2" skip="0" id="s1-s1" name="Tests">SuiteSiteTestePractice.Tests</stat>
<stat pass="1" fail="0" skip="0" id="s1-s1-s1" name="TestSitePractice">SuiteSiteTestePractice.Tests.TestSitePractice</stat>
<stat pass="0" fail="2" skip="0" id="s1-s1-s2" name="TestSitePracticeBDD">SuiteSiteTestePractice.Tests.TestSitePracticeBDD</stat>
</suite>
</statistics>
<errors>
<msg timestamp="20210728 11:25:07.615" level="ERROR">Error in file 'C:\Users\Ácido Florídrico\Desktop\Cursos\RobotFramework\RobotFramework_estudo\section3\SuiteSiteTestePractice\Tests\TestSitePracticeBDD.robot' on line 2: Importing library 'Selenium' failed: ModuleNotFoundError: No module named 'Selenium'
Traceback (most recent call last):
  None
PYTHONPATH:
  C:\Users\Ácido Florídrico\AppData\Local\Programs\Python\Python39\Scripts\robot.exe
  c:\users\ácido florídrico\appdata\local\programs\python\python39\python39.zip
  c:\users\ácido florídrico\appdata\local\programs\python\python39\DLLs
  c:\users\ácido florídrico\appdata\local\programs\python\python39\lib
  c:\users\ácido florídrico\appdata\local\programs\python\python39
  c:\users\ácido florídrico\appdata\local\programs\python\python39\lib\site-packages</msg>
</errors>
</robot>
